<?xml version="1.0" encoding="UTF-8"?>
<!-- Generated by org.testng.reporters.JUnitReportReporter -->
<testsuite hostname="IT-D-CORE23-NB" failures="0" tests="1" name="testScripts.sunScreenTest" time="15.122" errors="0" timestamp="2022-01-22T23:30:08 EET" skipped="0">
  <testcase classname="testScripts.sunScreenTest" name="temperature" time="15.122"/>
  <system-out/>
</testsuite> <!-- testScripts.sunScreenTest -->
